【登录信息】
*545c94dd648f1093c33beb4c34ce213a*
`登陆天数: 354天 / 355天
等级: 91
石头: 0
呼符: 0
体力: 414.08666666666664 / 116
友情点: 30 / 71465`
*連続ログイン4日目
※ログインが途切れるか、7日到達すると
1日目から再開されます*
`聖晶石 X 1
8月交換券(2023) X 1
`*サーヴァント・サマー・フェスティバル2023！開幕記念 ログインボーナス*
*開催期間中、1日1回 最大21回ログインボーナスをプレゼント！*
`白銀の果実 X 1
`_2023-08-19 19:32:00_
--------
*5d2552db522458db66d9d937541b4f75*
`登陆天数: 20天 / 963天
等级: 125
石头: 1092
呼符: 0
体力: 222.65666666666667 / 137
友情点: 0 / 536395`
*連続ログイン6日目
※ログインが途切れるか、7日到達すると
1日目から再開されます*
`聖晶石 X 2
8月交換券(2023) X 1
`*サーヴァント・サマー・フェスティバル2023！開幕記念 ログインボーナス*
*開催期間中、1日1回 最大21回ログインボーナスをプレゼント！*
`白銀の果実 X 1
`_2023-08-19 19:32:08_
--------
