【登录信息】
*545c94dd648f1093c33beb4c34ce213a*
`登陆天数: 355天 / 356天
等级: 91
石头: 0
呼符: 0
体力: 702.08 / 116
友情点: 0 / 71465`
*連続ログイン5日目
※ログインが途切れるか、7日到達すると
1日目から再開されます*
`叡智の業火 X 2
8月交換券(2023) X 1
`*サーヴァント・サマー・フェスティバル2023！開幕記念 ログインボーナス*
*開催期間中、1日1回 最大21回ログインボーナスをプレゼント！*
`白銀の果実 X 1
`_2023-08-20 19:31:58_
--------
*5d2552db522458db66d9d937541b4f75*
`登陆天数: 21天 / 964天
等级: 125
石头: 1092
呼符: 0
体力: 510.6533333333333 / 137
友情点: 0 / 536395`
*連続ログイン7日間到達おめでとうございます！
明日は1日目からリスタートされます。*
`獣の足跡 X 1
呼符 X 1
8月交換券(2023) X 1
`*サーヴァント・サマー・フェスティバル2023！開幕記念 ログインボーナス*
*開催期間中、1日1回 最大21回ログインボーナスをプレゼント！*
`白銀の果実 X 1
`_2023-08-20 19:32:06_
--------
