【登录信息】
*545c94dd648f1093c33beb4c34ce213a*
`登陆天数: 356天 / 357天
等级: 91
石头: 0
呼符: 0
体力: 990.15 / 116
友情点: 25 / 71490`
*連続ログイン6日目
※ログインが途切れるか、7日到達すると
1日目から再開されます*
`聖晶石 X 2
8月交換券(2023) X 1
`*サーヴァント・サマー・フェスティバル2023！開幕記念 ログインボーナス*
*開催期間中、1日1回 最大21回ログインボーナスをプレゼント！*
`白銀の果実 X 1
`_2023-08-21 19:32:19_
--------
*5d2552db522458db66d9d937541b4f75*
`登陆天数: 22天 / 965天
等级: 125
石头: 1092
呼符: 0
体力: 798.7233333333334 / 137
友情点: 0 / 536395`
*連続ログイン1日目
※ログインが途切れるか、7日到達すると
1日目から再開されます*
`フレンドポイント X 2000
8月交換券(2023) X 1
`*サーヴァント・サマー・フェスティバル2023！開幕記念 ログインボーナス*
*開催期間中、1日1回 最大21回ログインボーナスをプレゼント！*
`白銀の果実 X 1
`_2023-08-21 19:32:27_
--------
