【登录信息】
*545c94dd648f1093c33beb4c34ce213a*
`登陆天数: 360天 / 361天
等级: 91
石头: 0
呼符: 0
体力: 2142.0533333333333 / 116
友情点: 100 / 71685`
*連続ログイン3日目
※ログインが途切れるか、7日到達すると
1日目から再開されます*
`叡智の業火 X 1
8月交換券(2023) X 1
`*サーヴァント・サマー・フェスティバル2023！開幕記念 ログインボーナス*
*開催期間中、1日1回 最大21回ログインボーナスをプレゼント！*
`黄金の果実 X 1
`_2023-08-25 19:31:50_
--------
*5d2552db522458db66d9d937541b4f75*
`登陆天数: 26天 / 969天
等级: 125
石头: 1092
呼符: 0
体力: 1950.6266666666668 / 137
友情点: 0 / 536395`
*連続ログイン5日目
※ログインが途切れるか、7日到達すると
1日目から再開されます*
`叡智の業火 X 2
8月交換券(2023) X 1
`*サーヴァント・サマー・フェスティバル2023！開幕記念 ログインボーナス*
*開催期間中、1日1回 最大21回ログインボーナスをプレゼント！*
`黄金の果実 X 1
`_2023-08-25 19:31:58_
--------
