【登录信息】
*545c94dd648f1093c33beb4c34ce213a*
`登陆天数: 396天 / 397天
等级: 91
石头: 0
呼符: 0
体力: 12510.11 / 116
友情点: 20 / 74495`
*連続ログイン4日目
※ログインが途切れるか、7日到達すると
1日目から再開されます*
`聖晶石 X 1
10月交換券(2023) X 1
`*ワンジナ・ワールドツアー！ ～大精霊と巡る世界一周～開幕記念 ログインボーナス*
*開催期間中、1日1回 最大21回ログインボーナスをプレゼント！*
`白銀の果実 X 1
`_2023-09-30 19:32:07_
--------
*5d2552db522458db66d9d937541b4f75*
`登陆天数: 62天 / 1005天
等级: 126
石头: 346
呼符: 0
体力: 90.33333333333334 / 137
友情点: 137700 / 1342850`
*連続ログイン6日目
※ログインが途切れるか、7日到達すると
1日目から再開されます*
`聖晶石 X 2
10月交換券(2023) X 1
`*ワンジナ・ワールドツアー！ ～大精霊と巡る世界一周～開幕記念 ログインボーナス*
*開催期間中、1日1回 最大21回ログインボーナスをプレゼント！*
`白銀の果実 X 1
`_2023-09-30 19:32:15_
--------
