【登录信息】
*545c94dd648f1093c33beb4c34ce213a*
`登陆天数: 399天 / 400天
等级: 91
石头: 0
呼符: 0
体力: 13374.103333333333 / 116
友情点: 40 / 74645`
*連続ログイン7日間到達おめでとうございます！
明日は1日目からリスタートされます。*
`獣の足跡 X 1
呼符 X 1
10月交換券(2023) X 1
`*ワンジナ・ワールドツアー！ ～大精霊と巡る世界一周～開幕記念 ログインボーナス*
*開催期間中、1日1回 最大21回ログインボーナスをプレゼント！*
`白銀の果実 X 1
`_2023-10-03 19:32:04_
--------
*5d2552db522458db66d9d937541b4f75*
`登陆天数: 65天 / 1008天
等级: 126
石头: 346
呼符: 0
体力: 954.3266666666667 / 137
友情点: 580600 / 3085245`
*連続ログイン2日目
※ログインが途切れるか、7日到達すると
1日目から再開されます*
`聖晶石 X 1
10月交換券(2023) X 1
`*ワンジナ・ワールドツアー！ ～大精霊と巡る世界一周～開幕記念 ログインボーナス*
*開催期間中、1日1回 最大21回ログインボーナスをプレゼント！*
`白銀の果実 X 1
`_2023-10-03 19:32:12_
--------
