【登录信息】
*545c94dd648f1093c33beb4c34ce213a*
`登陆天数: 400天 / 401天
等级: 91
石头: 0
呼符: 0
体力: 13662.1 / 116
友情点: 60 / 74715`
*連続ログイン1日目
※ログインが途切れるか、7日到達すると
1日目から再開されます*
`フレンドポイント X 2000
10月交換券(2023) X 1
`*ワンジナ・ワールドツアー！ ～大精霊と巡る世界一周～開幕記念 ログインボーナス*
*開催期間中、1日1回 最大21回ログインボーナスをプレゼント！*
`黄金の果実 X 1
`_2023-10-04 19:32:03_
--------
*5d2552db522458db66d9d937541b4f75*
`登陆天数: 66天 / 1009天
等级: 126
石头: 346
呼符: 0
体力: 1242.3233333333333 / 137
友情点: 579840 / 3665085`
*連続ログイン3日目
※ログインが途切れるか、7日到達すると
1日目から再開されます*
`叡智の業火 X 1
10月交換券(2023) X 1
`*ワンジナ・ワールドツアー！ ～大精霊と巡る世界一周～開幕記念 ログインボーナス*
*開催期間中、1日1回 最大21回ログインボーナスをプレゼント！*
`黄金の果実 X 1
`_2023-10-04 19:32:11_
--------
