【登录信息】
*545c94dd648f1093c33beb4c34ce213a*
`登陆天数: 401天 / 402天
等级: 91
石头: 0
呼符: 0
体力: 13950.15 / 116
友情点: 110 / 74825`
*連続ログイン2日目
※ログインが途切れるか、7日到達すると
1日目から再開されます*
`聖晶石 X 1
10月交換券(2023) X 1
`*ワンジナ・ワールドツアー！ ～大精霊と巡る世界一周～開幕記念 ログインボーナス*
*開催期間中、1日1回 最大21回ログインボーナスをプレゼント！*
`白銀の果実 X 1
`_2023-10-05 19:32:18_
--------
*5d2552db522458db66d9d937541b4f75*
`登陆天数: 67天 / 1010天
等级: 126
石头: 346
呼符: 0
体力: 1530.3766666666668 / 137
友情点: 576325 / 4241410`
*連続ログイン4日目
※ログインが途切れるか、7日到達すると
1日目から再開されます*
`聖晶石 X 1
10月交換券(2023) X 1
`*ワンジナ・ワールドツアー！ ～大精霊と巡る世界一周～開幕記念 ログインボーナス*
*開催期間中、1日1回 最大21回ログインボーナスをプレゼント！*
`白銀の果実 X 1
`_2023-10-05 19:32:26_
--------
