【登录信息】
*545c94dd648f1093c33beb4c34ce213a*
`登陆天数: 402天 / 403天
等级: 91
石头: 0
呼符: 0
体力: 14238.13 / 116
友情点: 100 / 74925`
*連続ログイン3日目
※ログインが途切れるか、7日到達すると
1日目から再開されます*
`叡智の業火 X 1
10月交換券(2023) X 1
`*ワンジナ・ワールドツアー！ ～大精霊と巡る世界一周～開幕記念 ログインボーナス*
*開催期間中、1日1回 最大21回ログインボーナスをプレゼント！*
`白銀の果実 X 1
`_2023-10-06 19:32:12_
--------
*5d2552db522458db66d9d937541b4f75*
`登陆天数: 68天 / 1011天
等级: 126
石头: 346
呼符: 0
体力: 1818.3566666666666 / 137
友情点: 590665 / 4834295`
*連続ログイン5日目
※ログインが途切れるか、7日到達すると
1日目から再開されます*
`叡智の業火 X 2
10月交換券(2023) X 1
`*ワンジナ・ワールドツアー！ ～大精霊と巡る世界一周～開幕記念 ログインボーナス*
*開催期間中、1日1回 最大21回ログインボーナスをプレゼント！*
`白銀の果実 X 1
`_2023-10-06 19:32:21_
--------
