【登录信息】
*545c94dd648f1093c33beb4c34ce213a*
`登陆天数: 405天 / 406天
等级: 91
石头: 0
呼符: 0
体力: 15102.123333333333 / 116
友情点: 90 / 75105`
*連続ログイン6日目
※ログインが途切れるか、7日到達すると
1日目から再開されます*
`聖晶石 X 2
10月交換券(2023) X 1
`*ワンジナ・ワールドツアー！ ～大精霊と巡る世界一周～開幕記念 ログインボーナス*
*開催期間中、1日1回 最大21回ログインボーナスをプレゼント！*
`白銀の果実 X 1
`_2023-10-09 19:32:10_
--------
*5d2552db522458db66d9d937541b4f75*
`登陆天数: 71天 / 1014天
等级: 126
石头: 346
呼符: 0
体力: 2682.346666666667 / 137
友情点: 85 / 4971295`
*連続ログイン1日目
※ログインが途切れるか、7日到達すると
1日目から再開されます*
`フレンドポイント X 2000
10月交換券(2023) X 1
`*ワンジナ・ワールドツアー！ ～大精霊と巡る世界一周～開幕記念 ログインボーナス*
*開催期間中、1日1回 最大21回ログインボーナスをプレゼント！*
`白銀の果実 X 1
`_2023-10-09 19:32:19_
--------
