【登录信息】
*545c94dd648f1093c33beb4c34ce213a*
`登陆天数: 406天 / 407天
等级: 91
石头: 0
呼符: 0
体力: 15390.073333333334 / 116
友情点: 70 / 75195`
*連続ログイン7日間到達おめでとうございます！
明日は1日目からリスタートされます。*
`獣の足跡 X 1
呼符 X 1
10月交換券(2023) X 1
`*ワンジナ・ワールドツアー！ ～大精霊と巡る世界一周～開幕記念 ログインボーナス*
*開催期間中、1日1回 最大21回ログインボーナスをプレゼント！*
`白銀の果実 X 1
`_2023-10-10 19:31:56_
--------
*5d2552db522458db66d9d937541b4f75*
`登陆天数: 72天 / 1015天
等级: 126
石头: 346
呼符: 0
体力: 2970.3 / 137
友情点: 0 / 4971295`
*連続ログイン2日目
※ログインが途切れるか、7日到達すると
1日目から再開されます*
`聖晶石 X 1
10月交換券(2023) X 1
`*ワンジナ・ワールドツアー！ ～大精霊と巡る世界一周～開幕記念 ログインボーナス*
*開催期間中、1日1回 最大21回ログインボーナスをプレゼント！*
`白銀の果実 X 1
`_2023-10-10 19:32:04_
--------
