【登录信息】
*545c94dd648f1093c33beb4c34ce213a*
`登陆天数: 407天 / 408天
等级: 91
石头: 0
呼符: 0
体力: 15678.1 / 116
友情点: 70 / 75265`
*連続ログイン1日目
※ログインが途切れるか、7日到達すると
1日目から再開されます*
`フレンドポイント X 2000
10月交換券(2023) X 1
`*日替りログインボーナス*
*開催期間中、1日1回 2週間日替りでログインボーナスをプレゼント！*
`巡霊の葉 X 30
`_2023-10-11 19:32:03_
--------
*5d2552db522458db66d9d937541b4f75*
`登陆天数: 73天 / 1016天
等级: 126
石头: 346
呼符: 0
体力: 3258.326666666667 / 137
友情点: 255 / 4971550`
*連続ログイン3日目
※ログインが途切れるか、7日到達すると
1日目から再開されます*
`叡智の業火 X 1
10月交換券(2023) X 1
`*日替りログインボーナス*
*開催期間中、1日1回 2週間日替りでログインボーナスをプレゼント！*
`巡霊の葉 X 30
`_2023-10-11 19:32:12_
--------
