【登录信息】
*545c94dd648f1093c33beb4c34ce213a*
`登陆天数: 408天 / 409天
等级: 91
石头: 0
呼符: 0
体力: 15966.096666666666 / 116
友情点: 70 / 75335`
*連続ログイン2日目
※ログインが途切れるか、7日到達すると
1日目から再開されます*
`聖晶石 X 1
10月交換券(2023) X 1
`*日替りログインボーナス*
*開催期間中、1日1回 2週間日替りでログインボーナスをプレゼント！*
`巡霊の葉 X 30
`_2023-10-12 19:32:03_
--------
*5d2552db522458db66d9d937541b4f75*
`登陆天数: 74天 / 1017天
等级: 126
石头: 346
呼符: 0
体力: 3546.3233333333333 / 137
友情点: 85 / 4971655`
*連続ログイン4日目
※ログインが途切れるか、7日到達すると
1日目から再開されます*
`聖晶石 X 1
10月交換券(2023) X 1
`*日替りログインボーナス*
*開催期間中、1日1回 2週間日替りでログインボーナスをプレゼント！*
`巡霊の葉 X 30
`_2023-10-12 19:32:11_
--------
