【登录信息】
*545c94dd648f1093c33beb4c34ce213a*
`登陆天数: 409天 / 410天
等级: 91
石头: 0
呼符: 0
体力: 16254.066666666668 / 116
友情点: 0 / 75335`
*連続ログイン3日目
※ログインが途切れるか、7日到達すると
1日目から再開されます*
`叡智の業火 X 1
10月交換券(2023) X 1
`*日替りログインボーナス*
*開催期間中、1日1回 2週間日替りでログインボーナスをプレゼント！*
`聖晶石 X 2
巡霊の葉 X 100
`_2023-10-13 19:31:53_
--------
*5d2552db522458db66d9d937541b4f75*
`登陆天数: 75天 / 1018天
等级: 126
石头: 346
呼符: 0
体力: 3834.29 / 137
友情点: 0 / 4971655`
*連続ログイン5日目
※ログインが途切れるか、7日到達すると
1日目から再開されます*
`叡智の業火 X 2
10月交換券(2023) X 1
`*日替りログインボーナス*
*開催期間中、1日1回 2週間日替りでログインボーナスをプレゼント！*
`聖晶石 X 2
巡霊の葉 X 100
`_2023-10-13 19:32:01_
--------
