【登录信息】
*545c94dd648f1093c33beb4c34ce213a*
`登陆天数: 410天 / 411天
等级: 91
石头: 0
呼符: 0
体力: 16542.086666666666 / 116
友情点: 110 / 75445`
*連続ログイン4日目
※ログインが途切れるか、7日到達すると
1日目から再開されます*
`聖晶石 X 1
10月交換券(2023) X 1
`*リリース3000日突破キャンペーン 初回ログインボーナス*
*開催期間中、初回ログインで「聖晶石×10」をプレゼント！*
`聖晶石 X 10
`_2023-10-14 19:31:59_
--------
*5d2552db522458db66d9d937541b4f75*
`登陆天数: 76天 / 1019天
等级: 126
石头: 346
呼符: 0
体力: 4122.3099999999995 / 137
友情点: 595 / 4972250`
*連続ログイン6日目
※ログインが途切れるか、7日到達すると
1日目から再開されます*
`聖晶石 X 2
10月交換券(2023) X 1
`*リリース3000日突破キャンペーン 初回ログインボーナス*
*開催期間中、初回ログインで「聖晶石×10」をプレゼント！*
`聖晶石 X 10
`_2023-10-14 19:32:07_
--------
