【登录信息】
*545c94dd648f1093c33beb4c34ce213a*
`登陆天数: 411天 / 412天
等级: 91
石头: 0
呼符: 0
体力: 16830.096666666668 / 116
友情点: 50 / 75495`
*連続ログイン5日目
※ログインが途切れるか、7日到達すると
1日目から再開されます*
`叡智の業火 X 2
10月交換券(2023) X 1
`*日替りログインボーナス*
*開催期間中、1日1回 2週間日替りでログインボーナスをプレゼント！*
`巡霊の葉 X 30
`_2023-10-15 19:32:02_
--------
*5d2552db522458db66d9d937541b4f75*
`登陆天数: 77天 / 1020天
等级: 126
石头: 346
呼符: 0
体力: 4410.323333333334 / 137
友情点: 85 / 4972975`
*連続ログイン7日間到達おめでとうございます！
明日は1日目からリスタートされます。*
`獣の足跡 X 1
呼符 X 1
10月交換券(2023) X 1
`*日替りログインボーナス*
*開催期間中、1日1回 2週間日替りでログインボーナスをプレゼント！*
`巡霊の葉 X 30
`_2023-10-15 19:32:11_
--------
