【登录信息】
*545c94dd648f1093c33beb4c34ce213a*
`登陆天数: 412天 / 413天
等级: 91
石头: 0
呼符: 0
体力: 17118.056666666667 / 116
友情点: 115 / 75610`
*連続ログイン6日目
※ログインが途切れるか、7日到達すると
1日目から再開されます*
`聖晶石 X 2
10月交換券(2023) X 1
`*日替りログインボーナス*
*開催期間中、1日1回 2週間日替りでログインボーナスをプレゼント！*
`巡霊の葉 X 30
`_2023-10-16 19:31:50_
--------
*5d2552db522458db66d9d937541b4f75*
`登陆天数: 78天 / 1021天
等级: 126
石头: 346
呼符: 0
体力: 4698.28 / 137
友情点: 425 / 4973430`
*連続ログイン1日目
※ログインが途切れるか、7日到達すると
1日目から再開されます*
`フレンドポイント X 2000
10月交換券(2023) X 1
`*日替りログインボーナス*
*開催期間中、1日1回 2週間日替りでログインボーナスをプレゼント！*
`巡霊の葉 X 30
`_2023-10-16 19:31:58_
--------
