【登录信息】
*545c94dd648f1093c33beb4c34ce213a*
`登陆天数: 413天 / 414天
等级: 91
石头: 0
呼符: 0
体力: 17406.176666666666 / 116
友情点: 70 / 75680`
*連続ログイン7日間到達おめでとうございます！
明日は1日目からリスタートされます。*
`獣の足跡 X 1
呼符 X 1
10月交換券(2023) X 1
`*日替りログインボーナス*
*開催期間中、1日1回 2週間日替りでログインボーナスをプレゼント！*
`聖晶石 X 3
巡霊の葉 X 50
`_2023-10-17 19:32:26_
--------
*5d2552db522458db66d9d937541b4f75*
`登陆天数: 79天 / 1022天
等级: 126
石头: 346
呼符: 0
体力: 4986.4 / 137
友情点: 510 / 4973940`
*連続ログイン2日目
※ログインが途切れるか、7日到達すると
1日目から再開されます*
`聖晶石 X 1
10月交換券(2023) X 1
`*日替りログインボーナス*
*開催期間中、1日1回 2週間日替りでログインボーナスをプレゼント！*
`聖晶石 X 3
巡霊の葉 X 50
`_2023-10-17 19:32:34_
--------
