【登录信息】
*545c94dd648f1093c33beb4c34ce213a*
`登陆天数: 367天 / 368天
等级: 91
石头: 0
呼符: 0
体力: 4158.143333333333 / 116
友情点: 20 / 71905`
*連続ログイン3日目
※ログインが途切れるか、7日到達すると
1日目から再開されます*
`叡智の業火 X 1
9月交換券(2023) X 1
`*ハンティングクエスト 第13弾
特別ログインボーナス*
*開催期間中、1日1回 最大7回ログインボーナスをプレゼント！*
`黄金の果実 X 1
`_2023-09-01 19:32:17_
--------
*5d2552db522458db66d9d937541b4f75*
`登陆天数: 33天 / 976天
等级: 125
石头: 1092
呼符: 0
体力: 3966.713333333333 / 137
友情点: 0 / 536395`
*連続ログイン5日目
※ログインが途切れるか、7日到達すると
1日目から再開されます*
`叡智の業火 X 2
9月交換券(2023) X 1
`*ハンティングクエスト 第13弾
特別ログインボーナス*
*開催期間中、1日1回 最大7回ログインボーナスをプレゼント！*
`黄金の果実 X 1
`_2023-09-01 19:32:25_
--------
