【登录信息】
*545c94dd648f1093c33beb4c34ce213a*
`登陆天数: 368天 / 369天
等级: 91
石头: 0
呼符: 0
体力: 4446.093333333333 / 116
友情点: 20 / 71925`
*連続ログイン4日目
※ログインが途切れるか、7日到達すると
1日目から再開されます*
`聖晶石 X 1
9月交換券(2023) X 1
`*ハンティングクエスト 第13弾
特別ログインボーナス*
*開催期間中、1日1回 最大7回ログインボーナスをプレゼント！*
`黄金の果実 X 1
`_2023-09-02 19:32:02_
--------
*5d2552db522458db66d9d937541b4f75*
`登陆天数: 34天 / 977天
等级: 125
石头: 1092
呼符: 0
体力: 4254.666666666667 / 137
友情点: 0 / 536395`
*連続ログイン6日目
※ログインが途切れるか、7日到達すると
1日目から再開されます*
`聖晶石 X 2
9月交換券(2023) X 1
`*ハンティングクエスト 第13弾
特別ログインボーナス*
*開催期間中、1日1回 最大7回ログインボーナスをプレゼント！*
`黄金の果実 X 1
`_2023-09-02 19:32:10_
--------
