【登录信息】
*545c94dd648f1093c33beb4c34ce213a*
`登陆天数: 369天 / 370天
等级: 91
石头: 0
呼符: 0
体力: 4734.126666666667 / 116
友情点: 100 / 72025`
*連続ログイン5日目
※ログインが途切れるか、7日到達すると
1日目から再開されます*
`叡智の業火 X 2
9月交換券(2023) X 1
`*ハンティングクエスト 第13弾
特別ログインボーナス*
*開催期間中、1日1回 最大7回ログインボーナスをプレゼント！*
`黄金の果実 X 1
`_2023-09-03 19:32:12_
--------
*5d2552db522458db66d9d937541b4f75*
`登陆天数: 35天 / 978天
等级: 125
石头: 1092
呼符: 0
体力: 4542.7 / 137
友情点: 0 / 536395`
*連続ログイン7日間到達おめでとうございます！
明日は1日目からリスタートされます。*
`獣の足跡 X 1
呼符 X 1
9月交換券(2023) X 1
`*ハンティングクエスト 第13弾
特別ログインボーナス*
*開催期間中、1日1回 最大7回ログインボーナスをプレゼント！*
`黄金の果実 X 1
`_2023-09-03 19:32:20_
--------
