【登录信息】
*545c94dd648f1093c33beb4c34ce213a*
`登陆天数: 372天 / 373天
等级: 91
石头: 0
呼符: 0
体力: 5598.12 / 116
友情点: 20 / 72685`
*連続ログイン1日目
※ログインが途切れるか、7日到達すると
1日目から再開されます*
`フレンドポイント X 2000
9月交換券(2023) X 1
`*ハンティングクエスト 第13弾
特別ログインボーナス*
*開催期間中、1日1回 最大7回ログインボーナスをプレゼント！*
`黄金の果実 X 1
`_2023-09-06 19:32:10_
--------
*5d2552db522458db66d9d937541b4f75*
`登陆天数: 38天 / 981天
等级: 125
石头: 1092
呼符: 0
体力: 5406.693333333334 / 137
友情点: 0 / 536395`
*連続ログイン3日目
※ログインが途切れるか、7日到達すると
1日目から再開されます*
`叡智の業火 X 1
9月交換券(2023) X 1
`*ハンティングクエスト 第13弾
特別ログインボーナス*
*開催期間中、1日1回 最大7回ログインボーナスをプレゼント！*
`黄金の果実 X 1
`_2023-09-06 19:32:18_
--------
