【登录信息】
*545c94dd648f1093c33beb4c34ce213a*
`登陆天数: 380天 / 381天
等级: 91
石头: 0
呼符: 0
体力: 7902.17 / 116
友情点: 0 / 73495`
*連続ログイン2日目
※ログインが途切れるか、7日到達すると
1日目から再開されます*
`聖晶石 X 1
9月交換券(2023) X 1
`*日替りログインボーナス*
*開催期間中、1日1回 2週間日替りでログインボーナスをプレゼント！*
`巡霊の葉 X 30
`_2023-09-14 19:32:24_
--------
*5d2552db522458db66d9d937541b4f75*
`登陆天数: 46天 / 989天
等级: 125
石头: 263
呼符: 2
体力: 1329.2733333333333 / 137
友情点: 10 / 363100`
*連続ログイン4日目
※ログインが途切れるか、7日到達すると
1日目から再開されます*
`聖晶石 X 1
9月交換券(2023) X 1
`*日替りログインボーナス*
*開催期間中、1日1回 2週間日替りでログインボーナスをプレゼント！*
`巡霊の葉 X 30
`_2023-09-14 19:32:32_
--------
