【登录信息】
*545c94dd648f1093c33beb4c34ce213a*
`登陆天数: 381天 / 382天
等级: 91
石头: 0
呼符: 0
体力: 8190.1 / 116
友情点: 70 / 73565`
*連続ログイン3日目
※ログインが途切れるか、7日到達すると
1日目から再開されます*
`叡智の業火 X 1
9月交換券(2023) X 1
`*日替りログインボーナス*
*開催期間中、1日1回 2週間日替りでログインボーナスをプレゼント！*
`聖晶石 X 2
巡霊の葉 X 100
`_2023-09-15 19:32:03_
--------
*5d2552db522458db66d9d937541b4f75*
`登陆天数: 47天 / 990天
等级: 125
石头: 263
呼符: 2
体力: 1617.2066666666667 / 137
友情点: 70 / 363170`
*連続ログイン5日目
※ログインが途切れるか、7日到達すると
1日目から再開されます*
`叡智の業火 X 2
9月交換券(2023) X 1
`*日替りログインボーナス*
*開催期間中、1日1回 2週間日替りでログインボーナスをプレゼント！*
`聖晶石 X 2
巡霊の葉 X 100
`_2023-09-15 19:32:12_
--------
