【登录信息】
*545c94dd648f1093c33beb4c34ce213a*
`登陆天数: 383天 / 384天
等级: 91
石头: 0
呼符: 0
体力: 8766.076666666666 / 116
友情点: 80 / 73765`
*連続ログイン5日目
※ログインが途切れるか、7日到達すると
1日目から再開されます*
`叡智の業火 X 2
9月交換券(2023) X 1
`*日替りログインボーナス*
*開催期間中、1日1回 2週間日替りでログインボーナスをプレゼント！*
`巡霊の葉 X 30
`_2023-09-17 19:31:57_
--------
*5d2552db522458db66d9d937541b4f75*
`登陆天数: 49天 / 992天
等级: 125
石头: 263
呼符: 2
体力: 2193.1833333333334 / 137
友情点: 110 / 363510`
*連続ログイン7日間到達おめでとうございます！
明日は1日目からリスタートされます。*
`獣の足跡 X 1
呼符 X 1
9月交換券(2023) X 1
`*日替りログインボーナス*
*開催期間中、1日1回 2週間日替りでログインボーナスをプレゼント！*
`巡霊の葉 X 30
`_2023-09-17 19:32:05_
--------
