【登录信息】
*545c94dd648f1093c33beb4c34ce213a*
`登陆天数: 385天 / 386天
等级: 91
石头: 0
呼符: 0
体力: 9342.08 / 116
友情点: 110 / 73935`
*連続ログイン7日間到達おめでとうございます！
明日は1日目からリスタートされます。*
`獣の足跡 X 1
呼符 X 1
9月交換券(2023) X 1
`*日替りログインボーナス*
*開催期間中、1日1回 2週間日替りでログインボーナスをプレゼント！*
`聖晶石 X 3
巡霊の葉 X 50
`_2023-09-19 19:31:57_
--------
*5d2552db522458db66d9d937541b4f75*
`登陆天数: 51天 / 994天
等级: 125
石头: 263
呼符: 2
体力: 2769.1833333333334 / 137
友情点: 130 / 363840`
*連続ログイン2日目
※ログインが途切れるか、7日到達すると
1日目から再開されます*
`聖晶石 X 1
9月交換券(2023) X 1
`*日替りログインボーナス*
*開催期間中、1日1回 2週間日替りでログインボーナスをプレゼント！*
`聖晶石 X 3
巡霊の葉 X 50
`_2023-09-19 19:32:05_
--------
