【登录信息】
*545c94dd648f1093c33beb4c34ce213a*
`登陆天数: 386天 / 387天
等级: 91
石头: 0
呼符: 0
体力: 9630.15 / 116
友情点: 40 / 73975`
*連続ログイン1日目
※ログインが途切れるか、7日到達すると
1日目から再開されます*
`フレンドポイント X 2000
9月交換券(2023) X 1
`*日替りログインボーナス*
*開催期間中、1日1回 2週間日替りでログインボーナスをプレゼント！*
`巡霊の葉 X 30
`_2023-09-20 19:32:18_
--------
*5d2552db522458db66d9d937541b4f75*
`登陆天数: 52天 / 995天
等级: 125
石头: 263
呼符: 2
体力: 3057.2533333333336 / 137
友情点: 50 / 363890`
*連続ログイン3日目
※ログインが途切れるか、7日到達すると
1日目から再開されます*
`叡智の業火 X 1
9月交換券(2023) X 1
`*日替りログインボーナス*
*開催期間中、1日1回 2週間日替りでログインボーナスをプレゼント！*
`巡霊の葉 X 30
`_2023-09-20 19:32:26_
--------
