【登录信息】
*545c94dd648f1093c33beb4c34ce213a*
`登陆天数: 387天 / 388天
等级: 91
石头: 0
呼符: 0
体力: 9918.12 / 116
友情点: 90 / 74065`
*連続ログイン2日目
※ログインが途切れるか、7日到達すると
1日目から再開されます*
`聖晶石 X 1
9月交換券(2023) X 1
`*日替りログインボーナス*
*開催期間中、1日1回 2週間日替りでログインボーナスをプレゼント！*
`巡霊の葉 X 30
`_2023-09-21 19:32:10_
--------
*5d2552db522458db66d9d937541b4f75*
`登陆天数: 53天 / 996天
等级: 125
石头: 263
呼符: 2
体力: 3345.2266666666665 / 137
友情点: 100 / 363990`
*連続ログイン4日目
※ログインが途切れるか、7日到達すると
1日目から再開されます*
`聖晶石 X 1
9月交換券(2023) X 1
`*日替りログインボーナス*
*開催期間中、1日1回 2週間日替りでログインボーナスをプレゼント！*
`巡霊の葉 X 30
`_2023-09-21 19:32:18_
--------
