【登录信息】
*545c94dd648f1093c33beb4c34ce213a*
`登陆天数: 389天 / 390天
等级: 91
石头: 0
呼符: 0
体力: 10494.11 / 116
友情点: 20 / 74085`
*連続ログイン4日目
※ログインが途切れるか、7日到達すると
1日目から再開されます*
`聖晶石 X 1
9月交換券(2023) X 1
`*日替りログインボーナス*
*開催期間中、1日1回 2週間日替りでログインボーナスをプレゼント！*
`巡霊の葉 X 30
`_2023-09-23 19:32:06_
--------
*5d2552db522458db66d9d937541b4f75*
`登陆天数: 55天 / 998天
等级: 125
石头: 263
呼符: 2
体力: 3921.21 / 137
友情点: 110 / 364140`
*連続ログイン6日目
※ログインが途切れるか、7日到達すると
1日目から再開されます*
`聖晶石 X 2
9月交換券(2023) X 1
`*日替りログインボーナス*
*開催期間中、1日1回 2週間日替りでログインボーナスをプレゼント！*
`巡霊の葉 X 30
`_2023-09-23 19:32:14_
--------
