【登录信息】
*545c94dd648f1093c33beb4c34ce213a*
`登陆天数: 393天 / 394天
等级: 91
石头: 0
呼符: 0
体力: 11646.116666666667 / 116
友情点: 130 / 74475`
*連続ログイン1日目
※ログインが途切れるか、7日到達すると
1日目から再開されます*
`フレンドポイント X 2000
9月交換券(2023) X 1
`*ワンジナ・ワールドツアー！ ～大精霊と巡る世界一周～開幕記念 ログインボーナス*
*開催期間中、1日1回 最大21回ログインボーナスをプレゼント！*
`黄金の果実 X 1
`_2023-09-27 19:32:08_
--------
*5d2552db522458db66d9d937541b4f75*
`登陆天数: 59天 / 1002天
等级: 125
石头: 263
呼符: 2
体力: 5073.22 / 137
友情点: 180 / 364800`
*連続ログイン3日目
※ログインが途切れるか、7日到達すると
1日目から再開されます*
`叡智の業火 X 1
9月交換券(2023) X 1
`*ワンジナ・ワールドツアー！ ～大精霊と巡る世界一周～開幕記念 ログインボーナス*
*開催期間中、1日1回 最大21回ログインボーナスをプレゼント！*
`黄金の果実 X 1
`_2023-09-27 19:32:16_
--------
