【登录信息】
*545c94dd648f1093c33beb4c34ce213a*
`登陆天数: 394天 / 395天
等级: 91
石头: 0
呼符: 0
体力: 11934.116666666667 / 116
友情点: 0 / 74475`
*連続ログイン2日目
※ログインが途切れるか、7日到達すると
1日目から再開されます*
`聖晶石 X 1
9月交換券(2023) X 1
`*「Fate/Samurai Remnant」発売記念 特別ログインボーナス*
*開催期間中、初回ログインで「限定概念礼装」をプレゼント！*
`Samurai Remnant X 1
`_2023-09-28 19:32:09_
--------
*5d2552db522458db66d9d937541b4f75*
`登陆天数: 60天 / 1003天
等级: 126
石头: 335
呼符: 2
体力: 54.74333333333334 / 137
友情点: 131200 / 368855`
*連続ログイン4日目
※ログインが途切れるか、7日到達すると
1日目から再開されます*
`聖晶石 X 1
9月交換券(2023) X 1
`*ワンジナ・ワールドツアー！ ～大精霊と巡る世界一周～開幕記念 ログインボーナス*
*開催期間中、1日1回 最大21回ログインボーナスをプレゼント！*
`白銀の果実 X 1
`_2023-09-28 19:32:17_
--------
