【登录信息】
*545c94dd648f1093c33beb4c34ce213a*
`登陆天数: 395天 / 396天
等级: 91
石头: 0
呼符: 0
体力: 12222.076666666666 / 116
友情点: 0 / 74475`
*連続ログイン3日目
※ログインが途切れるか、7日到達すると
1日目から再開されます*
`叡智の業火 X 1
9月交換券(2023) X 1
`*ワンジナ・ワールドツアー！ ～大精霊と巡る世界一周～開幕記念 ログインボーナス*
*開催期間中、1日1回 最大21回ログインボーナスをプレゼント！*
`白銀の果実 X 1
`_2023-09-29 19:31:56_
--------
*5d2552db522458db66d9d937541b4f75*
`登陆天数: 61天 / 1004天
等级: 126
石头: 344
呼符: 0
体力: 94.7 / 137
友情点: 135770 / 789340`
*連続ログイン5日目
※ログインが途切れるか、7日到達すると
1日目から再開されます*
`叡智の業火 X 2
9月交換券(2023) X 1
`*ワンジナ・ワールドツアー！ ～大精霊と巡る世界一周～開幕記念 ログインボーナス*
*開催期間中、1日1回 最大21回ログインボーナスをプレゼント！*
`白銀の果実 X 1
`_2023-09-29 19:32:05_
--------
